<?xml version="1.0" encoding="UTF-8"?>
<!-- Generated by org.testng.reporters.JUnitReportReporter -->
<testsuite hostname="Rahma_Shahba" failures="0" tests="5" name="TCs.TC01_LoginOrangehrm" time="130.078" errors="0" timestamp="2025-10-28T22:46:32 EEST" skipped="0">
  <testcase classname="TCs.TC01_LoginOrangehrm" name="LoginWithvViledCredentials_P" time="51.735"/>
  <testcase classname="TCs.TC01_LoginOrangehrm" name="LoginWithvViledCredentials_P" time="23.204"/>
  <testcase classname="TCs.TC01_LoginOrangehrm" name="LoginWithInvailedUserName_N" time="31.665"/>
  <testcase classname="TCs.TC01_LoginOrangehrm" name="LoginWithInvailedPassword_N" time="13.964"/>
  <testcase classname="TCs.TC01_LoginOrangehrm" name="LoginWithInvailedcredentials_N" time="9.510"/>
</testsuite> <!-- TCs.TC01_LoginOrangehrm -->
