<?xml version="1.0" encoding="UTF-8"?>
<!-- Generated by org.testng.reporters.JUnitReportReporter -->
<testsuite hostname="Rahma_Shahba" failures="0" tests="2" name="TCs.TC01_LoginOrangehrm" time="10.478" errors="0" timestamp="2025-10-25T13:43:04 EEST" skipped="0">
  <testcase classname="TCs.TC01_LoginOrangehrm" name="LoginWithvViledCredentials_P" time="6.538"/>
  <testcase classname="TCs.TC01_LoginOrangehrm" name="LoginWithvViledCredentials_P" time="3.940"/>
</testsuite> <!-- TCs.TC01_LoginOrangehrm -->
