<?xml version="1.0" encoding="UTF-8"?>
<!-- Generated by org.testng.reporters.JUnitReportReporter -->
<testsuite hostname="Rahma_Shahba" failures="0" tests="2" name="TCs.TC02_dashboard" time="492.177" errors="0" timestamp="2025-10-28T22:46:32 EEST" skipped="0">
  <testcase classname="TCs.TC02_dashboard" name="assertLoggedInUserSideMenu" time="446.210"/>
  <testcase classname="TCs.TC02_dashboard" name="viewAdminModule" time="45.967"/>
</testsuite> <!-- TCs.TC02_dashboard -->
