<?xml version="1.0" encoding="UTF-8"?>
<!-- Generated by org.testng.reporters.JUnitReportReporter -->
<testsuite hostname="Rahma_Shahba" failures="0" tests="2" name="TCs.TC03_AddEmployee" time="22.515" errors="0" timestamp="2025-10-25T13:43:04 EEST" skipped="0">
  <testcase classname="TCs.TC03_AddEmployee" name="verifyUserCanAddEmployeeSuccessfully" time="14.879"/>
  <testcase classname="TCs.TC03_AddEmployee" name="verifyUserCanAddUserRoleSuccessfully" time="7.636"/>
</testsuite> <!-- TCs.TC03_AddEmployee -->
